WinChat/WinChat/proguard/seeds.txt
com.ty.winchat.WinChatApplication
com.ty.winchat.WinChatApplication: WinChatApplication()
com.ty.winchat.service.ChatService
com.ty.winchat.service.ChatService: ChatService()
com.ty.winchat.service.HeartBeatBroaadcastReceiver
com.ty.winchat.service.HeartBeatBroaadcastReceiver: HeartBeatBroaadcastReceiver()
com.ty.winchat.ui.Base
com.ty.winchat.ui.Base: Base()
com.ty.winchat.ui.FileChoose
com.ty.winchat.ui.FileChoose: FileChoose()
com.ty.winchat.ui.Main
com.ty.winchat.ui.Main: Main()
com.ty.winchat.ui.MessageChat
com.ty.winchat.ui.MessageChat: MessageChat()
com.ty.winchat.ui.MessageChat: void onClick(android.view.View)
com.ty.winchat.ui.MessageChat$MessageUpdateBroadcastReceiver
com.ty.winchat.ui.RoomChat
com.ty.winchat.ui.RoomChat: RoomChat()
com.ty.winchat.ui.RoomChat: void onClick(android.view.View)
com.ty.winchat.ui.RoomChat$RoomChatBroadcastReceiver
com.ty.winchat.ui.Set
com.ty.winchat.ui.Set: Set()
com.ty.winchat.ui.Set: void onClick(android.view.View)
com.ty.winchat.ui.VideoChat
com.ty.winchat.ui.VideoChat: VideoChat()
com.ty.winchat.ui.VoiceChat
com.ty.winchat.ui.VoiceChat: VoiceChat()
com.ty.winchat.widget.PullToRefreshExpandableListView
com.ty.winchat.widget.PullToRefreshExpandableListView: PullToRefreshExpandableListView(android.content.Context)
com.ty.winchat.widget.PullToRefreshExpandableListView: PullToRefreshExpandableListView(android.content.Context,android.util.AttributeSet)
com.ty.winchat.widget.VideoView
com.ty.winchat.widget.VideoView: VideoView(android.content.Context)
com.ty.winchat.widget.VideoView: VideoView(android.content.Context,android.util.AttributeSet,int)
com.ty.winchat.widget.VideoView: VideoView(android.content.Context,android.util.AttributeSet)
...
android.support.v4.app.ActivityCompat
android.support.v4.app.ActivityCompat: ActivityCompat()
android.support.v4.app.ActivityCompat: boolean invalidateOptionsMenu(android.app.Activity)
android.support.v4.app.ActivityCompatHoneycomb
android.support.v4.app.ActivityCompatHoneycomb: ActivityCompatHoneycomb()
android.support.v4.app.ActivityCompatHoneycomb: void invalidateOptionsMenu(android.app.Activity)
android.support.v4.app.ActivityCompatHoneycomb: void dump(android.app.Activity,java.lang.String,java.io.FileDescriptor,java.io.PrintWriter,java.lang.String[])
android.support.v4.app.BackStackRecord
android.support.v4.app.BackStackRecord: java.lang.String TAG
android.support.v4.app.BackStackRecord: android.support.v4.app.FragmentManagerImpl mManager
android.support.v4.app.BackStackRecord: int OP_NULL
android.support.v4.app.BackStackRecord: int OP_ADD
android.support.v4.app.BackStackRecord: int OP_REPLACE
android.support.v4.app.BackStackRecord: int OP_REMOVE
android.support.v4.app.BackStackRecord: int OP_HIDE
android.support.v4.app.BackStackRecord: int OP_SHOW
android.support.v4.app.BackStackRecord: int OP_DETACH
android.support.v4.app.BackStackRecord: int OP_ATTACH
android.support.v4.app.BackStackRecord: android.support.v4.app.BackStackRecord$Op mHead
android.support.v4.app.BackStackRecord: android.support.v4.app.BackStackRecord$Op mTail
android.support.v4.app.BackStackRecord: int mNumOp
android.support.v4.app.BackStackRecord: int mEnterAnim
android.support.v4.app.BackStackRecord: int mExitAnim
android.support.v4.app.BackStackRecord: int mPopEnterAnim
android.support.v4.app.BackStackRecord: int mPopExitAnim
android.support.v4.app.BackStackRecord: int mTransition
android.support.v4.app.BackStackRecord: int mTransitionStyle
android.support.v4.app.BackStackRecord: boolean mAddToBackStack
android.support.v4.app.BackStackRecord: boolean mAllowAddToBackStack
android.support.v4.app.BackStackRecord: java.lang.String mName
android.support.v4.app.BackStackRecord: boolean mCommitted
android.support.v4.app.BackStackRecord: int mIndex
android.support.v4.app.BackStackRecord$Op
android.support.v4.app.BackStackRecord$Op: android.support.v4.app.BackStackRecord$Op next
android.support.v4.app.BackStackRecord$Op: android.support.v4.app.BackStackRecord$Op prev
android.support.v4.app.BackStackRecord$Op: int cmd
android.support.v4.app.BackStackRecord$Op: android.support.v4.app.Fragment fragment
android.support.v4.app.BackStackRecord$Op: int enterAnim
android.support.v4.app.BackStackRecord$Op: int exitAnim
android.support.v4.app.BackStackRecord$Op: int popEnterAnim
android.support.v4.app.BackStackRecord$Op: int popExitAnim
android.support.v4.app.BackStackRecord$Op: java.util.ArrayList removed
android.support.v4.app.BackStackRecord$Op: BackStackRecord$Op()