WinChat/WinChat/proguard/mapping.txt
com.ty.winchat.CrashHandler -> com.ty.winchat.a:
    java.lang.Thread$UncaughtExceptionHandler mDefaultHandler -> a
    com.ty.winchat.CrashHandler INSTANCE -> b
    android.content.Context mContext -> c
    java.util.Map infos -> d
    com.ty.winchat.CrashHandler getInstance() -> a
    void init(android.content.Context) -> a
    void uncaughtException(java.lang.Thread,java.lang.Throwable) -> uncaughtException
    void saveCrashInfo2File(java.lang.Throwable) -> a
    android.content.Context access$0(com.ty.winchat.CrashHandler) -> a
com.ty.winchat.CrashHandler$1 -> com.ty.winchat.b:
    com.ty.winchat.CrashHandler this$0 -> a
    void run() -> run
com.ty.winchat.WinChatApplication -> com.ty.winchat.WinChatApplication:
    java.lang.String localIp -> e
    int width -> a
    int height -> b
    java.lang.String deviceCode -> f
    java.lang.String filePath -> g
    java.lang.String dir -> h
    com.ty.winchat.WinChatApplication mainInstance -> c
    java.lang.String iconPath -> d
    void onCreate() -> onCreate
    void createDir() -> a
    com.ty.winchat.model.UDPMessage getMyUdpMessage(java.lang.String,int) -> a
    java.lang.String getLocalIpAddress() -> g
    boolean hasSDcard() -> b
    java.lang.String getLocalIp() -> c
    java.lang.String getDeviceCode() -> d
    java.lang.String getMyName() -> e
    java.lang.String getFilePath() -> f
com.ty.winchat.WinChatApplication$1 -> com.ty.winchat.c:
    com.ty.winchat.WinChatApplication this$0 -> a
    void run() -> run
com.ty.winchat.adapter.RoomChatMsgAdapter -> com.ty.winchat.a.a:
    java.util.List myMessages -> a
    android.content.Context context -> b
    java.text.SimpleDateFormat format -> c
    int getCount() -> getCount
    java.lang.Object getItem(int) -> getItem
    long getItemId(int) -> getItemId
    android.view.View getView(int,android.view.View,android.view.ViewGroup) -> getView
com.ty.winchat.adapter.ViewHolder -> com.ty.winchat.a.b:
    android.widget.TextView txt -> a
    android.widget.ImageView icon -> b
    android.widget.TextView time -> c
com.ty.winchat.listener.Listener -> com.ty.winchat.b.a:
com.ty.winchat.listener.TCPFileListener -> com.ty.winchat.b.b:
    int port -> c
    com.ty.winchat.listener.TCPFileListener instance -> a
    com.ty.winchat.listener.inter.OnProgressUpdate onProgressUpdate -> d
    com.ty.winchat.listener.inter.IconReceived iconReceived -> e
    java.net.Socket sendClient -> f
    java.util.concurrent.ExecutorService executor -> b
    java.util.Map receiveCountMap -> g
    com.ty.winchat.listener.TCPFileListener getInstance() -> a
    void onSendFileSucc(java.io.File) -> a
    void init() -> b
    void onReceiveData(java.net.Socket) -> a
    void sendFile(java.lang.String,java.io.File,java.lang.String,java.lang.String) -> a
    void noticeSendFileError$8ec0fdf() -> c
    void close() -> d
    void setOnProgressUpdate(com.ty.winchat.listener.inter.OnProgressUpdate) -> a
    void onSendProgressIncrease(double,java.lang.String) -> a
    void setIconReceived(com.ty.winchat.listener.inter.IconReceived) -> a
    int access$0(com.ty.winchat.listener.TCPFileListener) -> a
    void access$1(com.ty.winchat.listener.TCPFileListener,java.net.Socket) -> a
    java.net.Socket access$2(com.ty.winchat.listener.TCPFileListener) -> b
com.ty.winchat.listener.TCPFileListener$1 -> com.ty.winchat.b.c:
    com.ty.winchat.listener.TCPFileListener this$0 -> a
    java.io.File val$file -> b
    java.lang.String val$specifyFileName -> c
    java.lang.String val$filePath -> d
    java.lang.String val$dstName -> e
    void run() -> run
com.ty.winchat.listener.TCPListener -> com.ty.winchat.b.d:
    int port -> a
    boolean go -> b
    java.net.ServerSocket server -> c
    boolean running -> d
    void init() -> b
    void run() -> run
    void onReceiveData(java.net.Socket) -> a
    void open() -> e
    void close() -> d
    boolean isRunning() -> f
    void setPort(int) -> a
...
android.support.v4.accessibilityservice.AccessibilityServiceInfoCompat -> android.support.v4.accessibilityservice.AccessibilityServiceInfoCompat:
    android.support.v4.accessibilityservice.AccessibilityServiceInfoCompat$AccessibilityServiceInfoVersionImpl IMPL -> IMPL
    int FEEDBACK_ALL_MASK -> FEEDBACK_ALL_MASK
    java.lang.String getId(android.accessibilityservice.AccessibilityServiceInfo) -> getId
    android.content.pm.ResolveInfo getResolveInfo(android.accessibilityservice.AccessibilityServiceInfo) -> getResolveInfo
    java.lang.String getSettingsActivityName(android.accessibilityservice.AccessibilityServiceInfo) -> getSettingsActivityName
    boolean getCanRetrieveWindowContent(android.accessibilityservice.AccessibilityServiceInfo) -> getCanRetrieveWindowContent
    java.lang.String getDescription(android.accessibilityservice.AccessibilityServiceInfo) -> getDescription
    java.lang.String feedbackTypeToString(int) -> feedbackTypeToString
    java.lang.String flagToString(int) -> flagToString
android.support.v4.accessibilityservice.AccessibilityServiceInfoCompat$AccessibilityServiceInfoIcsImpl -> android.support.v4.accessibilityservice.AccessibilityServiceInfoCompat$AccessibilityServiceInfoIcsImpl:
    boolean getCanRetrieveWindowContent(android.accessibilityservice.AccessibilityServiceInfo) -> getCanRetrieveWindowContent
    java.lang.String getDescription(android.accessibilityservice.AccessibilityServiceInfo) -> getDescription
    java.lang.String getId(android.accessibilityservice.AccessibilityServiceInfo) -> getId
    android.content.pm.ResolveInfo getResolveInfo(android.accessibilityservice.AccessibilityServiceInfo) -> getResolveInfo
    java.lang.String getSettingsActivityName(android.accessibilityservice.AccessibilityServiceInfo) -> getSettingsActivityName
android.support.v4.accessibilityservice.AccessibilityServiceInfoCompat$AccessibilityServiceInfoStubImpl -> android.support.v4.accessibilityservice.AccessibilityServiceInfoCompat$AccessibilityServiceInfoStubImpl:
    boolean getCanRetrieveWindowContent(android.accessibilityservice.AccessibilityServiceInfo) -> getCanRetrieveWindowContent
    java.lang.String getDescription(android.accessibilityservice.AccessibilityServiceInfo) -> getDescription
    java.lang.String getId(android.accessibilityservice.AccessibilityServiceInfo) -> getId
    android.content.pm.ResolveInfo getResolveInfo(android.accessibilityservice.AccessibilityServiceInfo) -> getResolveInfo
    java.lang.String getSettingsActivityName(android.accessibilityservice.AccessibilityServiceInfo) -> getSettingsActivityName
android.support.v4.accessibilityservice.AccessibilityServiceInfoCompat$AccessibilityServiceInfoVersionImpl -> android.support.v4.accessibilityservice.AccessibilityServiceInfoCompat$AccessibilityServiceInfoVersionImpl:
    java.lang.String getId(android.accessibilityservice.AccessibilityServiceInfo) -> getId
    android.content.pm.ResolveInfo getResolveInfo(android.accessibilityservice.AccessibilityServiceInfo) -> getResolveInfo
    boolean getCanRetrieveWindowContent(android.accessibilityservice.AccessibilityServiceInfo) -> getCanRetrieveWindowContent
    java.lang.String getDescription(android.accessibilityservice.AccessibilityServiceInfo) -> getDescription
    java.lang.String getSettingsActivityName(android.accessibilityservice.AccessibilityServiceInfo) -> getSettingsActivityName